\BOOKMARK [0][-]{chapter*.3}{\376\377\000\332\000v\000o\000d}{}% 1
\BOOKMARK [0][-]{chapter.1}{\376\377\000T\000e\000o\000r\000e\000t\000i\000c\000k\000\341\000\040\000a\000\040\000m\000e\000t\000o\000d\000i\000c\000k\000\341\000\040\000v\000\375\000c\000h\000o\000d\000i\000s\000k\000a}{}% 2
\BOOKMARK [1][-]{section.1.1}{\376\377\000O\000\040\000p\000r\000o\000j\000e\000k\000t\000u}{chapter.1}% 3
\BOOKMARK [1][-]{section.1.2}{\376\377\000F\000r\000a\000m\000e\000w\000o\000r\000k\000\040\000F\000l\000u\000t\000t\000e\000r\000\040\000a\000\040\000p\000r\000o\000g\000r\000a\000m\000o\000v\000a\000c\000\355\000\040\000j\000a\000z\000y\000k\000\040\000D\000a\000r\000t}{chapter.1}% 4
\BOOKMARK [1][-]{section.1.3}{\376\377\000A\000r\000c\000h\000i\000t\000e\000k\000t\000o\000n\000i\000c\000k\000\375\000\040\000v\000z\000o\000r\000\040\000C\000l\000e\000a\000n\000\040\000A\000r\000c\000h\000i\000t\000e\000c\000t\000u\000r\000e}{chapter.1}% 5
\BOOKMARK [1][-]{section.1.4}{\376\377\000C\000l\000o\000u\000d\000o\000v\000\341\000\040\000p\000l\000a\000t\000f\000o\000r\000m\000a\000\040\000S\000u\000p\000a\000b\000a\000s\000e\000\040\000a\000\040\000d\000a\000t\000a\000b\000\341\000z\000e\000\040\000P\000o\000s\000t\000g\000r\000e\000S\000Q\000L}{chapter.1}% 6
\BOOKMARK [0][-]{chapter.2}{\376\377\000A\000n\000a\000l\000\375\000z\000a\000\040\000a\000\040\000n\000\341\000v\000r\000h\000\040\001\131\000e\001\141\000e\000n\000\355}{}% 7
\BOOKMARK [1][-]{section.2.1}{\376\377\000A\000n\000a\000l\000\375\000z\000a\000\040\000s\000t\000\341\000v\000a\000j\000\355\000c\000\355\000c\000h\000\040\001\131\000e\001\141\000e\000n\000\355\000\040\000a\000\040\000k\000o\000n\000k\000u\000r\000e\000n\000c\000e}{chapter.2}% 8
\BOOKMARK [1][-]{section.2.2}{\376\377\000S\000p\000e\000c\000i\000f\000i\000k\000a\000c\000e\000\040\000f\000u\000n\000k\001\015\000n\000\355\000c\000h\000\040\000a\000\040\000n\000e\000f\000u\000n\000k\001\015\000n\000\355\000c\000h\000\040\000p\000o\001\176\000a\000d\000a\000v\000k\001\157}{chapter.2}% 9
\BOOKMARK [2][-]{subsection.2.2.1}{\376\377\000F\000u\000n\000k\001\015\000n\000\355\000\040\000p\000o\001\176\000a\000d\000a\000v\000k\000y}{section.2.2}% 10
\BOOKMARK [2][-]{subsection.2.2.2}{\376\377\000N\000e\000f\000u\000n\000k\001\015\000n\000\355\000\040\000p\000o\001\176\000a\000d\000a\000v\000k\000y}{section.2.2}% 11
\BOOKMARK [1][-]{section.2.3}{\376\377\000N\000\341\000v\000r\000h\000\040\000u\001\176\000i\000v\000a\000t\000e\000l\000s\000k\000\351\000h\000o\000\040\000r\000o\000z\000h\000r\000a\000n\000\355\000\040\000\050\000U\000I\000\051\000\040\000a\000\040\000z\000k\000u\001\141\000e\000n\000o\000s\000t\000i\000\040\000\050\000U\000X\000\051}{chapter.2}% 12
\BOOKMARK [1][-]{section.2.4}{\376\377\000N\000\341\000v\000r\000h\000\040\000d\000a\000t\000a\000b\000\341\000z\000o\000v\000\351\000h\000o\000\040\000s\000c\000h\000\351\000m\000a\000t\000u\000\040\000a\000\040\000b\000e\000z\000p\000e\001\015\000n\000o\000s\000t\000n\000\355\000c\000h\000\040\000p\000r\000a\000v\000i\000d\000e\000l}{chapter.2}% 13
\BOOKMARK [2][-]{subsection.2.4.1}{\376\377\000R\000o\000w\000\040\000L\000e\000v\000e\000l\000\040\000S\000e\000c\000u\000r\000i\000t\000y\000\040\000\050\000R\000L\000S\000\051}{section.2.4}% 14
\BOOKMARK [0][-]{chapter.3}{\376\377\000R\000e\000a\000l\000i\000z\000a\000c\000e\000\040\000m\000o\000b\000i\000l\000n\000\355\000\040\000a\000p\000l\000i\000k\000a\000c\000e}{}% 15
\BOOKMARK [1][-]{section.3.1}{\376\377\000I\000n\000i\000c\000i\000a\000l\000i\000z\000a\000c\000e\000\040\000p\000r\000o\000j\000e\000k\000t\000u\000\040\000a\000\040\000k\000o\000n\000f\000i\000g\000u\000r\000a\000c\000e\000\040\000p\000r\000o\000s\000t\001\131\000e\000d\000\355}{chapter.3}% 16
\BOOKMARK [1][-]{section.3.2}{\376\377\000I\000m\000p\000l\000e\000m\000e\000n\000t\000a\000c\000e\000\040\000a\000u\000t\000e\000n\000t\000i\000z\000a\001\015\000n\000\355\000h\000o\000\040\000s\000y\000s\000t\000\351\000m\000u}{chapter.3}% 17
\BOOKMARK [2][-]{subsection.3.2.1}{\376\377\000L\000o\000g\000i\000k\000a\000\040\000A\000u\000t\000h\000G\000u\000a\000r\000d\000\040\000a\000\040\000s\000p\000r\000\341\000v\000a\000\040\000r\000e\000l\000a\000c\000\355}{section.3.2}% 18
\BOOKMARK [1][-]{section.3.3}{\376\377\000I\000n\000t\000e\000g\000r\000a\000c\000e\000\040\000m\000a\000p\000o\000v\000\351\000h\000o\000\040\000e\000n\000g\000i\000n\000e\000\040\000a\000\040\000p\000r\000\341\000c\000e\000\040\000s\000\040\000g\000e\000o\000g\000r\000a\000f\000i\000c\000k\000\375\000m\000i\000\040\000d\000a\000t\000y}{chapter.3}% 19
\BOOKMARK [1][-]{section.3.4}{\376\377\000V\000\375\000v\000o\000j\000\040\000h\000e\000r\000n\000\355\000c\000h\000\040\000m\000e\000c\000h\000a\000n\000i\000k\000\040\000a\000\040\000d\000o\000v\000e\000d\000n\000o\000s\000t\000n\000\355\000c\000h\000\040\000m\000i\000n\000i\000-\000h\000e\000r}{chapter.3}% 20
\BOOKMARK [2][-]{subsection.3.4.1}{\376\377\000I\000m\000p\000l\000e\000m\000e\000n\000t\000a\000c\000e\000\040\000m\000i\000n\000i\000-\000h\000r\000y\000\040\000A\000R\000\040\000C\000o\000i\000n\000\040\000H\000u\000n\000t}{section.3.4}% 21
\BOOKMARK [2][-]{subsection.3.4.2}{\376\377\000I\000m\000p\000l\000e\000m\000e\000n\000t\000a\000c\000e\000\040\000m\000i\000n\000i\000-\000h\000r\000y\000\040\000F\000a\000l\000l\000i\000n\000g\000\040\000F\000r\000a\000g\000m\000e\000n\000t\000s}{section.3.4}% 22
\BOOKMARK [2][-]{subsection.3.4.3}{\376\377\000N\000\341\000h\000o\000d\000n\000\375\000\040\000v\000\375\000b\001\033\000r\000\040\000m\000i\000n\000i\000-\000h\000r\000y}{section.3.4}% 23
\BOOKMARK [1][-]{section.3.5}{\376\377\000S\000y\000s\000t\000\351\000m\000\040\000h\000o\000d\000n\000o\000c\000e\000n\000\355\000\040\000a\000\040\000r\000e\000c\000e\000n\000z\000\355\000\040\000k\000e\001\141\000e\000k}{chapter.3}% 24
\BOOKMARK [2][-]{subsection.3.5.1}{\376\377\000I\000m\000p\000l\000e\000m\000e\000n\000t\000a\000c\000e\000\040\000d\000a\000t\000a\000b\000\341\000z\000o\000v\000\351\000\040\000s\000t\000r\000u\000k\000t\000u\000r\000y}{section.3.5}% 25
\BOOKMARK [2][-]{subsection.3.5.2}{\376\377\000R\000o\000w\000\040\000L\000e\000v\000e\000l\000\040\000S\000e\000c\000u\000r\000i\000t\000y\000\040\000p\000r\000o\000\040\000r\000e\000v\000i\000e\000w\000s}{section.3.5}% 26
\BOOKMARK [0][-]{chapter.4}{\376\377\000S\000p\000e\000c\000i\000f\000i\000c\000k\000\351\000\040\000t\000e\000c\000h\000n\000i\000c\000k\000\351\000\040\000v\000\375\000z\000v\000y\000\040\000a\000\040\000j\000e\000j\000i\000c\000h\000\040\001\131\000e\001\141\000e\000n\000\355}{}% 27
\BOOKMARK [1][-]{section.4.1}{\376\377\000O\000p\000t\000i\000m\000a\000l\000i\000z\000a\000c\000e\000\040\000v\000y\000k\000r\000e\000s\000l\000o\000v\000\341\000n\000\355\000\040\000v\000e\000l\000k\000\351\000h\000o\000\040\000m\000n\000o\001\176\000s\000t\000v\000\355\000\040\000b\000o\000d\001\157\000\040\000\050\000C\000l\000u\000s\000t\000e\000r\000i\000n\000g\000\051}{chapter.4}% 28
\BOOKMARK [1][-]{section.4.2}{\376\377\000I\000m\000p\000l\000e\000m\000e\000n\000t\000a\000c\000e\000\040\000o\000f\000f\000l\000i\000n\000e\000\040\000r\000e\001\176\000i\000m\000u\000\040\000a\000\040\000l\000o\000k\000\341\000l\000n\000\355\000h\000o\000\040\000\372\000l\000o\001\176\000i\001\141\000t\001\033\000\040\000S\000Q\000L\000i\000t\000e}{chapter.4}% 29
\BOOKMARK [1][-]{section.4.3}{\376\377\000L\000o\000g\000i\000k\000a\000\040\000s\000y\000n\000c\000h\000r\000o\000n\000i\000z\000a\000c\000e\000\040\000d\000a\000t\000\040\000m\000e\000z\000i\000\040\000k\000l\000i\000e\000n\000t\000e\000m\000\040\000a\000\040\000s\000e\000r\000v\000e\000r\000e\000m}{chapter.4}% 30
\BOOKMARK [1][-]{section.4.4}{\376\377\000S\000p\000r\000\341\000v\000a\000\040\000s\000t\000a\000v\000u\000\040\000k\000e\001\141\000e\000k\000\040\000a\000\040\000f\000u\000n\000k\000c\000e\000\040\000R\000e\000s\000e\000t\000\040\000C\000a\000c\000h\000e}{chapter.4}% 31
\BOOKMARK [2][-]{subsection.4.4.1}{\376\377\000I\000m\000p\000l\000e\000m\000e\000n\000t\000a\000c\000e\000\040\000r\000e\000s\000e\000t\000\040\000l\000o\000g\000i\000k\000y}{section.4.4}% 32
\BOOKMARK [2][-]{subsection.4.4.2}{\376\377\001\130\000e\001\141\000e\000n\000\355\000\040\000R\000L\000S\000\040\000p\000r\000o\000\040\000D\000E\000L\000E\000T\000E\000\040\000o\000p\000e\000r\000a\000c\000e}{section.4.4}% 33
\BOOKMARK [1][-]{section.4.5}{\376\377\000Z\000o\000b\000r\000a\000z\000e\000n\000\355\000\040\001\176\000e\000b\001\131\000\355\001\015\000k\000u\000\040\000n\000e\000j\000l\000e\000p\001\141\000\355\000c\000h\000\040\000h\000r\000\341\001\015\001\157}{chapter.4}% 34
\BOOKMARK [0][-]{chapter.5}{\376\377\000Z\000h\000o\000d\000n\000o\000c\000e\000n\000\355\000,\000\040\000t\000e\000s\000t\000o\000v\000\341\000n\000\355\000\040\000a\000\040\000n\000a\000s\000a\000z\000e\000n\000\355}{}% 35
\BOOKMARK [1][-]{section.5.1}{\376\377\000P\000r\001\157\000b\001\033\000h\000\040\000t\000e\000s\000t\000o\000v\000\341\000n\000\355\000\040\000v\000\040\000r\000e\000\341\000l\000n\000\351\000m\000\040\000t\000e\000r\000\351\000n\000u}{chapter.5}% 36
\BOOKMARK [1][-]{section.5.2}{\376\377\000P\000r\000o\000c\000e\000s\000\040\000s\000e\000s\000t\000a\000v\000e\000n\000\355\000\040\000a\000p\000l\000i\000k\000a\000c\000e\000\040\000\050\000D\000e\000b\000u\000g\000\040\000v\000s\000.\000\040\000R\000e\000l\000e\000a\000s\000e\000\040\000b\000u\000i\000l\000d\000\051}{chapter.5}% 37
\BOOKMARK [1][-]{section.5.3}{\376\377\001\130\000e\001\141\000e\000n\000\355\000\040\000p\000r\000o\000b\000l\000\351\000m\001\157\000\040\000s\000\040\000p\000o\000d\000e\000p\000i\000s\000o\000v\000a\000c\000\355\000m\000i\000\040\000k\000l\000\355\001\015\000i\000\040\000a\000\040\000G\000o\000o\000g\000l\000e\000\040\000A\000P\000I}{chapter.5}% 38
\BOOKMARK [1][-]{section.5.4}{\376\377\000Z\000h\000o\000d\000n\000o\000c\000e\000n\000\355\000\040\000v\000\375\000s\000l\000e\000d\000k\001\157\000\040\000a\000\040\000m\000o\001\176\000n\000o\000s\000t\000i\000\040\000b\000u\000d\000o\000u\000c\000\355\000h\000o\000\040\000r\000o\000z\000v\000o\000j\000e}{chapter.5}% 39
\BOOKMARK [0][-]{chapter*.8}{\376\377\000Z\000\341\000v\001\033\000r}{}% 40
\BOOKMARK [0][-]{chapter*.9}{\376\377\000S\000e\000z\000n\000a\000m\000\040\000p\000o\000u\001\176\000i\000t\000\351\000\040\000l\000i\000t\000e\000r\000a\000t\000u\000r\000y}{}% 41
\BOOKMARK [0][-]{chapter*.10}{\376\377\000S\000e\000z\000n\000a\000m\000\040\000o\000b\000r\000\341\000z\000k\001\157}{}% 42
